Using pre-set license
Built from '2020.3/staging' branch; Version is '2020.3.18f1 (a7d1c678663c) revision 10998214'; Using compiler version '192528614'; Build Type 'Release'
OS: 'Windows 10 Home; OS build 19043.1348; Version 2009; 64bit' Language: 'en' Physical Memory: 16319 MB
BatchMode: 1, IsHumanControllingUs: 0, StartBugReporterOnCrash: 0, Is64bit: 1, IsPro: 0

COMMAND LINE ARGUMENTS:
C:\Program Files\Unity\Hub\Editor\2020.3.18f1\Editor\Unity.exe
-adb2
-batchMode
-noUpm
-name
AssetImportWorker0
-projectPath
C:/Users/User1/Documents/Unity/GitHub/LaserDefence/Laser Defence
-logFile
Logs/AssetImportWorker0.log
-srvPort
49303
Successfully changed project path to: C:/Users/User1/Documents/Unity/GitHub/LaserDefence/Laser Defence
C:/Users/User1/Documents/Unity/GitHub/LaserDefence/Laser Defence
Using Asset Import Pipeline V2.
Refreshing native plugins compatible for Editor in 71.81 ms, found 3 plugins.
Preloading 0 native plugins for Editor in 0.00 ms.
Initialize engine version: 2020.3.18f1 (a7d1c678663c)
[Subsystems] Discovering subsystems at path C:/Program Files/Unity/Hub/Editor/2020.3.18f1/Editor/Data/Resources/UnitySubsystems
[Subsystems] Discovering subsystems at path C:/Users/User1/Documents/Unity/GitHub/LaserDefence/Laser Defence/Assets
GfxDevice: creating device client; threaded=0
Direct3D:
    Version:  Direct3D 11.0 [level 11.1]
    Renderer: NVIDIA GeForce GTX 1650 SUPER (ID=0x2187)
    Vendor:   
    VRAM:     3955 MB
    Driver:   27.21.14.6140
Initialize mono
Mono path[0] = 'C:/Program Files/Unity/Hub/Editor/2020.3.18f1/Editor/Data/Managed'
Mono path[1] = 'C:/Program Files/Unity/Hub/Editor/2020.3.18f1/Editor/Data/MonoBleedingEdge/lib/mono/unityjit'
Mono config path = 'C:/Program Files/Unity/Hub/Editor/2020.3.18f1/Editor/Data/MonoBleedingEdge/etc'
Using monoOptions --debugger-agent=transport=dt_socket,embedding=1,server=y,suspend=n,address=127.0.0.1:56308
Begin MonoManager ReloadAssembly
Registering precompiled unity dll's ...
Register platform support module: C:/Program Files/Unity/Hub/Editor/2020.3.18f1/Editor/Data/PlaybackEngines/WebGLSupport/UnityEditor.WebGL.Extensions.dll
Register platform support module: C:/Program Files/Unity/Hub/Editor/2020.3.18f1/Editor/Data/PlaybackEngines/WindowsStandaloneSupport/UnityEditor.WindowsStandalone.Extensions.dll
Registered in 0.010453 seconds.
Native extension for WindowsStandalone target not found
Native extension for WebGL target not found
Refreshing native plugins compatible for Editor in 65.02 ms, found 3 plugins.
Preloading 0 native plugins for Editor in 0.00 ms.
Mono: successfully reloaded assembly
- Completed reload, in  1.952 seconds
Domain Reload Profiling:
	ReloadAssembly (1953ms)
		BeginReloadAssembly (99ms)
			ExecutionOrderSort (0ms)
			DisableScriptedObjects (0ms)
			BackupInstance (0ms)
			ReleaseScriptingObjects (0ms)
			CreateAndSetChildDomain (1ms)
		EndReloadAssembly (610ms)
			LoadAssemblies (92ms)
			RebuildTransferFunctionScriptingTraits (0ms)
			SetupTypeCache (196ms)
			ReleaseScriptCaches (0ms)
			RebuildScriptCaches (48ms)
			SetupLoadedEditorAssemblies (244ms)
				LogAssemblyErrors (0ms)
				InitializePlatformSupportModulesInManaged (7ms)
				SetLoadedEditorAssemblies (0ms)
				RefreshPlugins (65ms)
				BeforeProcessingInitializeOnLoad (23ms)
				ProcessInitializeOnLoadAttributes (109ms)
				ProcessInitializeOnLoadMethodAttributes (39ms)
				AfterProcessingInitializeOnLoad (0ms)
				EditorAssembliesLoaded (0ms)
			ExecutionOrderSort2 (0ms)
			AwakeInstancesAfterBackupRestoration (0ms)
Platform modules already initialized, skipping
Registering precompiled user dll's ...
Registered in 0.008302 seconds.
Begin MonoManager ReloadAssembly
Native extension for WindowsStandalone target not found
Native extension for WebGL target not found
Refreshing native plugins compatible for Editor in 65.20 ms, found 3 plugins.
Preloading 0 native plugins for Editor in 0.00 ms.
Mono: successfully reloaded assembly
- Completed reload, in  1.715 seconds
Domain Reload Profiling:
	ReloadAssembly (1717ms)
		BeginReloadAssembly (220ms)
			ExecutionOrderSort (0ms)
			DisableScriptedObjects (7ms)
			BackupInstance (0ms)
			ReleaseScriptingObjects (0ms)
			CreateAndSetChildDomain (30ms)
		EndReloadAssembly (1398ms)
			LoadAssemblies (145ms)
			RebuildTransferFunctionScriptingTraits (0ms)
			SetupTypeCache (386ms)
			ReleaseScriptCaches (1ms)
			RebuildScriptCaches (90ms)
			SetupLoadedEditorAssemblies (590ms)
				LogAssemblyErrors (0ms)
				InitializePlatformSupportModulesInManaged (7ms)
				SetLoadedEditorAssemblies (0ms)
				RefreshPlugins (65ms)
				BeforeProcessingInitializeOnLoad (130ms)
				ProcessInitializeOnLoadAttributes (354ms)
				ProcessInitializeOnLoadMethodAttributes (16ms)
				AfterProcessingInitializeOnLoad (18ms)
				EditorAssembliesLoaded (0ms)
			ExecutionOrderSort2 (0ms)
			AwakeInstancesAfterBackupRestoration (9ms)
Platform modules already initialized, skipping
========================================================================
Worker process is ready to serve import requests
Launched and connected shader compiler UnityShaderCompiler.exe after 0.07 seconds
Refreshing native plugins compatible for Editor in 0.62 ms, found 3 plugins.
Preloading 0 native plugins for Editor in 0.00 ms.
Unloading 2395 Unused Serialized files (Serialized files now loaded: 0)
System memory in use before: 104.0 MB.
System memory in use after: 104.1 MB.

Unloading 27 unused Assets to reduce memory usage. Loaded Objects now: 2833.
Total: 4.273000 ms (FindLiveObjects: 0.297800 ms CreateObjectMapping: 0.081300 ms MarkObjects: 3.811800 ms  DeleteObjects: 0.080900 ms)

AssetImportParameters requested are different than current active one (requested -> active):
  custom:framework-win-MediaFoundation: 216162199b28c13a410421893ffa2e32 -> 
  custom:video-decoder-ogg-theora: a1e56fd34408186e4bbccfd4996cb3dc -> 
  custom:container-muxer-webm: aa71ff27fc2769a1b78a27578f13a17b -> 
  custom:container-demuxer-webm: 4f35f7cbe854078d1ac9338744f61a02 -> 
  custom:container-demuxer-ogg: 62fdf1f143b41e24485cea50d1cbac27 -> 
  custom:video-encoder-webm-vp8: eb34c28f22e8b96e1ab97ce403110664 -> 
  custom:video-decoder-webm-vp8: 9c59270c3fd7afecdb556c50c9e8de78 -> 
  custom:audio-decoder-ogg-vorbis: bf7c407c2cedff20999df2af8eb42d56 -> 
  custom:audio-encoder-webm-vorbis: bf7c407c2cedff20999df2af8eb42d56 -> 
========================================================================
Received Import Request.
  path: Assets/Prefabs/Enemy 0.prefab
  artifactKey: Guid(621ab76df7bcbb34f92065b7811fd768) Importer(815301076,1909f56bfc062723c751e8b465ee728b)
Start importing Assets/Prefabs/Enemy 0.prefab using Guid(621ab76df7bcbb34f92065b7811fd768) Importer(815301076,1909f56bfc062723c751e8b465ee728b)  -> (artifact id: 'aacc1e05a6ab7d11f8c7c50673c6a1af') in 0.133285 seconds 
  Import took 0.137691 seconds .

========================================================================
Received Import Request.
  Time since last request: 0.000374 seconds.
  path: Assets/Prefabs/Player.prefab
  artifactKey: Guid(566ea03e2b71fa84c95a4f7632bdd80d) Importer(815301076,1909f56bfc062723c751e8b465ee728b)
Start importing Assets/Prefabs/Player.prefab using Guid(566ea03e2b71fa84c95a4f7632bdd80d) Importer(815301076,1909f56bfc062723c751e8b465ee728b)  -> (artifact id: '6e23011dc2f1ed50c04c0a5a183b2833') in 0.034415 seconds 
  Import took 0.039144 seconds .

========================================================================
Received Import Request.
  Time since last request: 16.221234 seconds.
  path: Assets/Scripts/DamageDealer.cs
  artifactKey: Guid(f119e9519fb60d54cae22fb62aafee06) Importer(815301076,1909f56bfc062723c751e8b465ee728b)
Start importing Assets/Scripts/DamageDealer.cs using Guid(f119e9519fb60d54cae22fb62aafee06) Importer(815301076,1909f56bfc062723c751e8b465ee728b)  -> (artifact id: '1f0d6f2752a3eca05db1e4e1cc1e0d9f') in 0.013371 seconds 
  Import took 0.019662 seconds .

========================================================================
Received Import Request.
  Time since last request: 546.694203 seconds.
  path: Assets/Asset Packs/starfield.png
  artifactKey: Guid(02343505f309cce4e9235250a1f45dc1) Importer(815301076,1909f56bfc062723c751e8b465ee728b)
Start importing Assets/Asset Packs/starfield.png using Guid(02343505f309cce4e9235250a1f45dc1) Importer(815301076,1909f56bfc062723c751e8b465ee728b)  -> (artifact id: 'bc1b38ecd199133b15a54dce5528ac1b') in 0.099145 seconds 
  Import took 0.104614 seconds .

========================================================================
Received Import Request.
  Time since last request: 1.227529 seconds.
  path: Assets/Asset Packs/spaceshooter
  artifactKey: Guid(8939e933956eab1488a6d01ed841d9dc) Importer(815301076,1909f56bfc062723c751e8b465ee728b)
Start importing Assets/Asset Packs/spaceshooter using Guid(8939e933956eab1488a6d01ed841d9dc) Importer(815301076,1909f56bfc062723c751e8b465ee728b)  -> (artifact id: 'cb9218b248c1979a20b46292eae27d7c') in 0.004274 seconds 
  Import took 0.010322 seconds .

========================================================================
Received Import Request.
  Time since last request: 0.074257 seconds.
  path: Assets/Asset Packs/spaceshooter/preview.png
  artifactKey: Guid(601fd49cab8465e44840882e83dfc0e1) Importer(815301076,1909f56bfc062723c751e8b465ee728b)
Start importing Assets/Asset Packs/spaceshooter/preview.png using Guid(601fd49cab8465e44840882e83dfc0e1) Importer(815301076,1909f56bfc062723c751e8b465ee728b)  -> (artifact id: '562477cc82d7f27d8624b544077d3d4a') in 0.038177 seconds 
  Import took 0.044634 seconds .

========================================================================
Received Import Request.
  Time since last request: 0.000446 seconds.
  path: Assets/Asset Packs/spaceshooter/sample.png
  artifactKey: Guid(41f4cb09f9b37604ca4918e66fc3372f) Importer(815301076,1909f56bfc062723c751e8b465ee728b)
Start importing Assets/Asset Packs/spaceshooter/sample.png using Guid(41f4cb09f9b37604ca4918e66fc3372f) Importer(815301076,1909f56bfc062723c751e8b465ee728b)  -> (artifact id: 'cfc361e3cd4757f1133fb91977817489') in 0.022958 seconds 
  Import took 0.027112 seconds .

========================================================================
Received Import Request.
  Time since last request: 1.579017 seconds.
  path: Assets/Asset Packs/spaceshooter/PNG
  artifactKey: Guid(42fbb5776795bc448be512bf62ad2f32) Importer(815301076,1909f56bfc062723c751e8b465ee728b)
Start importing Assets/Asset Packs/spaceshooter/PNG using Guid(42fbb5776795bc448be512bf62ad2f32) Importer(815301076,1909f56bfc062723c751e8b465ee728b)  -> (artifact id: '1b9dd6703664034a28dcdf1d9af6fec2') in 0.004209 seconds 
  Import took 0.008625 seconds .

========================================================================
Received Import Request.
  Time since last request: 0.069915 seconds.
  path: Assets/Asset Packs/spaceshooter/PNG/playerShip1_blue.png
  artifactKey: Guid(16d0cb0d50fe9ec48b0c581e2bb2162c) Importer(815301076,1909f56bfc062723c751e8b465ee728b)
Start importing Assets/Asset Packs/spaceshooter/PNG/playerShip1_blue.png using Guid(16d0cb0d50fe9ec48b0c581e2bb2162c) Importer(815301076,1909f56bfc062723c751e8b465ee728b)  -> (artifact id: '3de1606c70d3318d885ee92d25ab6d7d') in 0.028882 seconds 
  Import took 0.035206 seconds .

========================================================================
Received Import Request.
  Time since last request: 0.000290 seconds.
  path: Assets/Asset Packs/spaceshooter/PNG/ufoRed.png
  artifactKey: Guid(bfe8fe208c211244895918ccbafabc07) Importer(815301076,1909f56bfc062723c751e8b465ee728b)
Start importing Assets/Asset Packs/spaceshooter/PNG/ufoRed.png using Guid(bfe8fe208c211244895918ccbafabc07) Importer(815301076,1909f56bfc062723c751e8b465ee728b)  -> (artifact id: '95a1db939e4d7f180b7f4b201a884169') in 0.019013 seconds 
  Import took 0.023460 seconds .

========================================================================
Received Import Request.
  Time since last request: 0.000429 seconds.
  path: Assets/Asset Packs/spaceshooter/PNG/playerShip3_orange.png
  artifactKey: Guid(6689af467a190734f8431332c51f5495) Importer(815301076,1909f56bfc062723c751e8b465ee728b)
Start importing Assets/Asset Packs/spaceshooter/PNG/playerShip3_orange.png using Guid(6689af467a190734f8431332c51f5495) Importer(815301076,1909f56bfc062723c751e8b465ee728b)  -> (artifact id: '5745f3f1e6fcd21319095bfbc0c825b3') in 0.027232 seconds 
  Import took 0.031594 seconds .

========================================================================
Received Import Request.
  Time since last request: 0.000296 seconds.
  path: Assets/Asset Packs/spaceshooter/PNG/playerShip2_red.png
  artifactKey: Guid(eb375d16f0779eb4094600dabc092703) Importer(815301076,1909f56bfc062723c751e8b465ee728b)
Start importing Assets/Asset Packs/spaceshooter/PNG/playerShip2_red.png using Guid(eb375d16f0779eb4094600dabc092703) Importer(815301076,1909f56bfc062723c751e8b465ee728b)  -> (artifact id: '36ca2421f2a857fcd139376483f8ffba') in 0.024779 seconds 
  Import took 0.029151 seconds .

========================================================================
Received Import Request.
  Time since last request: 0.000245 seconds.
  path: Assets/Asset Packs/spaceshooter/PNG/playerShip2_orange.png
  artifactKey: Guid(824fa51c0e8890c4a8be6faccfc14865) Importer(815301076,1909f56bfc062723c751e8b465ee728b)
Start importing Assets/Asset Packs/spaceshooter/PNG/playerShip2_orange.png using Guid(824fa51c0e8890c4a8be6faccfc14865) Importer(815301076,1909f56bfc062723c751e8b465ee728b)  -> (artifact id: '416802497a206a7f87d9e03c27e4c540') in 0.021996 seconds 
  Import took 0.026339 seconds .

========================================================================
Received Import Request.
  Time since last request: 0.000271 seconds.
  path: Assets/Asset Packs/spaceshooter/PNG/playerShip3_red.png
  artifactKey: Guid(d8a9115fbfaa4054c9b4c806ef0ee6a0) Importer(815301076,1909f56bfc062723c751e8b465ee728b)
Start importing Assets/Asset Packs/spaceshooter/PNG/playerShip3_red.png using Guid(d8a9115fbfaa4054c9b4c806ef0ee6a0) Importer(815301076,1909f56bfc062723c751e8b465ee728b)  -> (artifact id: '164b3ccddfef8b94a9a07c38a8280e8e') in 0.023241 seconds 
  Import took 0.027285 seconds .

========================================================================
Received Import Request.
  Time since last request: 0.000461 seconds.
  path: Assets/Asset Packs/spaceshooter/PNG/playerShip3_green.png
  artifactKey: Guid(b360292ca41a9bb41a141b66a24e3fb7) Importer(815301076,1909f56bfc062723c751e8b465ee728b)
Start importing Assets/Asset Packs/spaceshooter/PNG/playerShip3_green.png using Guid(b360292ca41a9bb41a141b66a24e3fb7) Importer(815301076,1909f56bfc062723c751e8b465ee728b)  -> (artifact id: 'acf8689058a6a8315e8d3d654edab6ff') in 0.025921 seconds 
  Import took 0.030117 seconds .

========================================================================
Received Import Request.
  Time since last request: 0.000238 seconds.
  path: Assets/Asset Packs/spaceshooter/PNG/playerShip3_blue.png
  artifactKey: Guid(9e113985b1ed6e047b291c5a95866564) Importer(815301076,1909f56bfc062723c751e8b465ee728b)
Start importing Assets/Asset Packs/spaceshooter/PNG/playerShip3_blue.png using Guid(9e113985b1ed6e047b291c5a95866564) Importer(815301076,1909f56bfc062723c751e8b465ee728b)  -> (artifact id: '939c4a7e85da6ee056160a63b402fba4') in 0.024060 seconds 
  Import took 0.028505 seconds .

========================================================================
Received Import Request.
  Time since last request: 0.000273 seconds.
  path: Assets/Asset Packs/spaceshooter/PNG/playerShip1_green.png
  artifactKey: Guid(70be0a1958272ef4eb18203018898026) Importer(815301076,1909f56bfc062723c751e8b465ee728b)
Start importing Assets/Asset Packs/spaceshooter/PNG/playerShip1_green.png using Guid(70be0a1958272ef4eb18203018898026) Importer(815301076,1909f56bfc062723c751e8b465ee728b)  -> (artifact id: 'b8c7fb88265040e3452b9e1a3e4e83d9') in 0.014957 seconds 
  Import took 0.019769 seconds .

========================================================================
Received Import Request.
  Time since last request: 0.000302 seconds.
  path: Assets/Asset Packs/spaceshooter/PNG/playerShip2_blue.png
  artifactKey: Guid(fe2cc9fdb3295174c9bc6acbaa62b52f) Importer(815301076,1909f56bfc062723c751e8b465ee728b)
Start importing Assets/Asset Packs/spaceshooter/PNG/playerShip2_blue.png using Guid(fe2cc9fdb3295174c9bc6acbaa62b52f) Importer(815301076,1909f56bfc062723c751e8b465ee728b)  -> (artifact id: '4e3e79f329bb17ac4c8c89d29fa6fe98') in 0.014740 seconds 
  Import took 0.018993 seconds .

========================================================================
Received Import Request.
  Time since last request: 0.000277 seconds.
  path: Assets/Asset Packs/spaceshooter/PNG/ufoBlue.png
  artifactKey: Guid(14b4f730aeb54014e9ba252768845d00) Importer(815301076,1909f56bfc062723c751e8b465ee728b)
Start importing Assets/Asset Packs/spaceshooter/PNG/ufoBlue.png using Guid(14b4f730aeb54014e9ba252768845d00) Importer(815301076,1909f56bfc062723c751e8b465ee728b)  -> (artifact id: '6ef783a91ccf145201adb1069b4def78') in 0.014755 seconds 
  Import took 0.019281 seconds .

========================================================================
Received Import Request.
  Time since last request: 0.000227 seconds.
  path: Assets/Asset Packs/spaceshooter/PNG/playerShip1_orange.png
  artifactKey: Guid(0328a81bdad4eae4c99c7adff070ecdd) Importer(815301076,1909f56bfc062723c751e8b465ee728b)
Start importing Assets/Asset Packs/spaceshooter/PNG/playerShip1_orange.png using Guid(0328a81bdad4eae4c99c7adff070ecdd) Importer(815301076,1909f56bfc062723c751e8b465ee728b)  -> (artifact id: 'a1fd14b74c9444c17c88b53c72e305b1') in 0.016168 seconds 
  Import took 0.020558 seconds .

========================================================================
Received Import Request.
  Time since last request: 0.000305 seconds.
  path: Assets/Asset Packs/spaceshooter/PNG/playerShip2_green.png
  artifactKey: Guid(780020de5989390418818293cc1f5c81) Importer(815301076,1909f56bfc062723c751e8b465ee728b)
Start importing Assets/Asset Packs/spaceshooter/PNG/playerShip2_green.png using Guid(780020de5989390418818293cc1f5c81) Importer(815301076,1909f56bfc062723c751e8b465ee728b)  -> (artifact id: '8841250219ba2553717cd787e8ad11f5') in 0.015501 seconds 
  Import took 0.019982 seconds .

========================================================================
Received Import Request.
  Time since last request: 0.000229 seconds.
  path: Assets/Asset Packs/spaceshooter/PNG/playerShip1_red.png
  artifactKey: Guid(2dcac1565022eeb4faa90d508a137e96) Importer(815301076,1909f56bfc062723c751e8b465ee728b)
Start importing Assets/Asset Packs/spaceshooter/PNG/playerShip1_red.png using Guid(2dcac1565022eeb4faa90d508a137e96) Importer(815301076,1909f56bfc062723c751e8b465ee728b)  -> (artifact id: '058db5a3b22f892304efacd9b56183de') in 0.015100 seconds 
  Import took 0.019700 seconds .

========================================================================
Received Import Request.
  Time since last request: 0.000253 seconds.
  path: Assets/Asset Packs/spaceshooter/PNG/ufoYellow.png
  artifactKey: Guid(f8f149465eb8c9749815a55a9d6bce06) Importer(815301076,1909f56bfc062723c751e8b465ee728b)
Start importing Assets/Asset Packs/spaceshooter/PNG/ufoYellow.png using Guid(f8f149465eb8c9749815a55a9d6bce06) Importer(815301076,1909f56bfc062723c751e8b465ee728b)  -> (artifact id: '0df9ddf9ce3c0aec56632887a69c07bc') in 0.015566 seconds 
  Import took 0.020406 seconds .

========================================================================
Received Import Request.
  Time since last request: 0.000274 seconds.
  path: Assets/Asset Packs/spaceshooter/PNG/ufoGreen.png
  artifactKey: Guid(b641a4ec38207864d993cd162b7b27c0) Importer(815301076,1909f56bfc062723c751e8b465ee728b)
Start importing Assets/Asset Packs/spaceshooter/PNG/ufoGreen.png using Guid(b641a4ec38207864d993cd162b7b27c0) Importer(815301076,1909f56bfc062723c751e8b465ee728b)  -> (artifact id: '02426dddcbda3092351fb05c55db683d') in 0.016048 seconds 
  Import took 0.020476 seconds .

========================================================================
Received Import Request.
  Time since last request: 0.999096 seconds.
  path: Assets/Asset Packs/spaceshooter/PNG/Lasers
  artifactKey: Guid(c0b8e92686a6fd54b80b388b3a754c4f) Importer(815301076,1909f56bfc062723c751e8b465ee728b)
Start importing Assets/Asset Packs/spaceshooter/PNG/Lasers using Guid(c0b8e92686a6fd54b80b388b3a754c4f) Importer(815301076,1909f56bfc062723c751e8b465ee728b)  -> (artifact id: '529d6cf30bc8e8b77c6e918fd4998862') in 0.004736 seconds 
  Import took 0.009522 seconds .

========================================================================
Received Import Request.
  Time since last request: 0.086589 seconds.
  path: Assets/Asset Packs/spaceshooter/PNG/Lasers/laserBlue01.png
  artifactKey: Guid(f245cd12ce4504d40802e12531753389) Importer(815301076,1909f56bfc062723c751e8b465ee728b)
Start importing Assets/Asset Packs/spaceshooter/PNG/Lasers/laserBlue01.png using Guid(f245cd12ce4504d40802e12531753389) Importer(815301076,1909f56bfc062723c751e8b465ee728b)  -> (artifact id: '54954b3f9278082be6f132e8214144a6') in 0.025498 seconds 
  Import took 0.032086 seconds .

========================================================================
Received Import Request.
  Time since last request: 0.000241 seconds.
  path: Assets/Asset Packs/spaceshooter/PNG/Lasers/laserBlue10.png
  artifactKey: Guid(19cd3e742e8bf364cab61f1238ead1fb) Importer(815301076,1909f56bfc062723c751e8b465ee728b)
Start importing Assets/Asset Packs/spaceshooter/PNG/Lasers/laserBlue10.png using Guid(19cd3e742e8bf364cab61f1238ead1fb) Importer(815301076,1909f56bfc062723c751e8b465ee728b)  -> (artifact id: '577dd0746ef821cb8e690a1b006e271f') in 0.019443 seconds 
  Import took 0.023587 seconds .

========================================================================
Received Import Request.
  Time since last request: 0.000248 seconds.
  path: Assets/Asset Packs/spaceshooter/PNG/Lasers/laserGreen05.png
  artifactKey: Guid(03b2e511c62966540a6d157589e1abc7) Importer(815301076,1909f56bfc062723c751e8b465ee728b)
Start importing Assets/Asset Packs/spaceshooter/PNG/Lasers/laserGreen05.png using Guid(03b2e511c62966540a6d157589e1abc7) Importer(815301076,1909f56bfc062723c751e8b465ee728b)  -> (artifact id: '5d7f14fd81bc3b7b930f9ad16ae8f78c') in 0.015144 seconds 
  Import took 0.019143 seconds .

========================================================================
Received Import Request.
  Time since last request: 0.000241 seconds.
  path: Assets/Asset Packs/spaceshooter/PNG/Lasers/laserGreen09.png
  artifactKey: Guid(ff5ff5d40d6f4fd4c9142a11d21fe21d) Importer(815301076,1909f56bfc062723c751e8b465ee728b)
Start importing Assets/Asset Packs/spaceshooter/PNG/Lasers/laserGreen09.png using Guid(ff5ff5d40d6f4fd4c9142a11d21fe21d) Importer(815301076,1909f56bfc062723c751e8b465ee728b)  -> (artifact id: '52f1fa7dec65d11eec57c4390781d636') in 0.014306 seconds 
  Import took 0.018445 seconds .

========================================================================
Received Import Request.
  Time since last request: 0.000359 seconds.
  path: Assets/Asset Packs/spaceshooter/PNG/Lasers/laserGreen06.png
  artifactKey: Guid(7445fee5e1cd06b4b972bf088523785a) Importer(815301076,1909f56bfc062723c751e8b465ee728b)
Start importing Assets/Asset Packs/spaceshooter/PNG/Lasers/laserGreen06.png using Guid(7445fee5e1cd06b4b972bf088523785a) Importer(815301076,1909f56bfc062723c751e8b465ee728b)  -> (artifact id: '0824344c487f6f8f7ee2235138e6f9d2') in 0.016586 seconds 
  Import took 0.021132 seconds .

========================================================================
Received Import Request.
  Time since last request: 0.000232 seconds.
  path: Assets/Asset Packs/spaceshooter/PNG/Lasers/laserRed16.png
  artifactKey: Guid(2ed2acefd55ea334da34201cfc003e18) Importer(815301076,1909f56bfc062723c751e8b465ee728b)
Start importing Assets/Asset Packs/spaceshooter/PNG/Lasers/laserRed16.png using Guid(2ed2acefd55ea334da34201cfc003e18) Importer(815301076,1909f56bfc062723c751e8b465ee728b)  -> (artifact id: '742665aa327f5de2ca31f182b8a84dd5') in 0.014951 seconds 
  Import took 0.019135 seconds .

========================================================================
Received Import Request.
  Time since last request: 0.000305 seconds.
  path: Assets/Asset Packs/spaceshooter/PNG/Lasers/laserRed11.png
  artifactKey: Guid(349c7af0886c2a3409e5f8b6a34512a8) Importer(815301076,1909f56bfc062723c751e8b465ee728b)
Start importing Assets/Asset Packs/spaceshooter/PNG/Lasers/laserRed11.png using Guid(349c7af0886c2a3409e5f8b6a34512a8) Importer(815301076,1909f56bfc062723c751e8b465ee728b)  -> (artifact id: '87b35e28ddf47b642d7085dc36947a73') in 0.013646 seconds 
  Import took 0.018093 seconds .

========================================================================
Received Import Request.
  Time since last request: 0.000253 seconds.
  path: Assets/Asset Packs/spaceshooter/PNG/Lasers/laserGreen10.png
  artifactKey: Guid(253b6ac4bb1dea847ad389196c9c0bac) Importer(815301076,1909f56bfc062723c751e8b465ee728b)
Start importing Assets/Asset Packs/spaceshooter/PNG/Lasers/laserGreen10.png using Guid(253b6ac4bb1dea847ad389196c9c0bac) Importer(815301076,1909f56bfc062723c751e8b465ee728b)  -> (artifact id: '0ee641c70d8f4b13d92248e31384a842') in 0.013726 seconds 
  Import took 0.017868 seconds .

========================================================================
Received Import Request.
  Time since last request: 0.000259 seconds.
  path: Assets/Asset Packs/spaceshooter/PNG/Lasers/laserRed10.png
  artifactKey: Guid(88472056b69a4264b84a58e3807c48fd) Importer(815301076,1909f56bfc062723c751e8b465ee728b)
Start importing Assets/Asset Packs/spaceshooter/PNG/Lasers/laserRed10.png using Guid(88472056b69a4264b84a58e3807c48fd) Importer(815301076,1909f56bfc062723c751e8b465ee728b)  -> (artifact id: '0b474ca336b408c2369841b340a926b7') in 0.015223 seconds 
  Import took 0.019371 seconds .

========================================================================
Received Import Request.
  Time since last request: 0.000290 seconds.
  path: Assets/Asset Packs/spaceshooter/PNG/Lasers/laserGreen16.png
  artifactKey: Guid(7e3e1f5786311ff4f8f32d87bcac2b5c) Importer(815301076,1909f56bfc062723c751e8b465ee728b)
Start importing Assets/Asset Packs/spaceshooter/PNG/Lasers/laserGreen16.png using Guid(7e3e1f5786311ff4f8f32d87bcac2b5c) Importer(815301076,1909f56bfc062723c751e8b465ee728b)  -> (artifact id: '23c8523eb5c293f35e7ceaab928ee584') in 0.014050 seconds 
  Import took 0.018627 seconds .

========================================================================
Received Import Request.
  Time since last request: 0.000295 seconds.
  path: Assets/Asset Packs/spaceshooter/PNG/Lasers/laserBlue07.png
  artifactKey: Guid(1f43dbf2895a34d418d2953a06301daa) Importer(815301076,1909f56bfc062723c751e8b465ee728b)
Start importing Assets/Asset Packs/spaceshooter/PNG/Lasers/laserBlue07.png using Guid(1f43dbf2895a34d418d2953a06301daa) Importer(815301076,1909f56bfc062723c751e8b465ee728b)  -> (artifact id: '269e072a15223b24b4b76311cdc21da0') in 0.013981 seconds 
  Import took 0.018463 seconds .

========================================================================
Received Import Request.
  Time since last request: 0.000227 seconds.
  path: Assets/Asset Packs/spaceshooter/PNG/Lasers/laserBlue02.png
  artifactKey: Guid(ced051b98ea9784448107fe28648bf4c) Importer(815301076,1909f56bfc062723c751e8b465ee728b)
Start importing Assets/Asset Packs/spaceshooter/PNG/Lasers/laserBlue02.png using Guid(ced051b98ea9784448107fe28648bf4c) Importer(815301076,1909f56bfc062723c751e8b465ee728b)  -> (artifact id: '0dcb94341df60be0c817d397c7af9dda') in 0.014985 seconds 
  Import took 0.019119 seconds .

========================================================================
Received Import Request.
  Time since last request: 0.000226 seconds.
  path: Assets/Asset Packs/spaceshooter/PNG/Lasers/laserBlue16.png
  artifactKey: Guid(1f2872a7d95b15f4e8d0e7624541ac61) Importer(815301076,1909f56bfc062723c751e8b465ee728b)
Start importing Assets/Asset Packs/spaceshooter/PNG/Lasers/laserBlue16.png using Guid(1f2872a7d95b15f4e8d0e7624541ac61) Importer(815301076,1909f56bfc062723c751e8b465ee728b)  -> (artifact id: 'f437a5cfa4942bb6d45b5ff226297ee1') in 0.014758 seconds 
  Import took 0.019054 seconds .

========================================================================
Received Import Request.
  Time since last request: 0.000260 seconds.
  path: Assets/Asset Packs/spaceshooter/PNG/Lasers/laserBlue13.png
  artifactKey: Guid(3c5d3016ead963a49a0f619b98eed720) Importer(815301076,1909f56bfc062723c751e8b465ee728b)
Start importing Assets/Asset Packs/spaceshooter/PNG/Lasers/laserBlue13.png using Guid(3c5d3016ead963a49a0f619b98eed720) Importer(815301076,1909f56bfc062723c751e8b465ee728b)  -> (artifact id: '73bf25ba3605c210523de1e9333019ea') in 0.015072 seconds 
  Import took 0.019549 seconds .

========================================================================
Received Import Request.
  Time since last request: 0.000239 seconds.
  path: Assets/Asset Packs/spaceshooter/PNG/Lasers/laserRed01.png
  artifactKey: Guid(0b394aa75931a114bb7141436bbeb9a3) Importer(815301076,1909f56bfc062723c751e8b465ee728b)
Start importing Assets/Asset Packs/spaceshooter/PNG/Lasers/laserRed01.png using Guid(0b394aa75931a114bb7141436bbeb9a3) Importer(815301076,1909f56bfc062723c751e8b465ee728b)  -> (artifact id: 'd1aa726428990e2a2e206f87880ce47c') in 0.014146 seconds 
  Import took 0.018709 seconds .

========================================================================
Received Import Request.
  Time since last request: 0.000276 seconds.
  path: Assets/Asset Packs/spaceshooter/PNG/Lasers/laserGreen13.png
  artifactKey: Guid(9a0261a5334dd554884d2c27a8d3d82e) Importer(815301076,1909f56bfc062723c751e8b465ee728b)
Start importing Assets/Asset Packs/spaceshooter/PNG/Lasers/laserGreen13.png using Guid(9a0261a5334dd554884d2c27a8d3d82e) Importer(815301076,1909f56bfc062723c751e8b465ee728b)  -> (artifact id: 'b34cd5dc073d18bc8c90c3d1a63a0b76') in 0.013716 seconds 
  Import took 0.018102 seconds .

========================================================================
Received Import Request.
  Time since last request: 0.000276 seconds.
  path: Assets/Asset Packs/spaceshooter/PNG/Lasers/laserBlue14.png
  artifactKey: Guid(cafe6fc4095891f498924c4641bc9a3d) Importer(815301076,1909f56bfc062723c751e8b465ee728b)
Start importing Assets/Asset Packs/spaceshooter/PNG/Lasers/laserBlue14.png using Guid(cafe6fc4095891f498924c4641bc9a3d) Importer(815301076,1909f56bfc062723c751e8b465ee728b)  -> (artifact id: 'dbea7258e0247ca2c71990cdb01a2aca') in 0.014134 seconds 
  Import took 0.018636 seconds .

========================================================================
Received Import Request.
  Time since last request: 0.000242 seconds.
  path: Assets/Asset Packs/spaceshooter/PNG/Lasers/laserRed15.png
  artifactKey: Guid(56af9732226e4e74590be95e02fa9bea) Importer(815301076,1909f56bfc062723c751e8b465ee728b)
Start importing Assets/Asset Packs/spaceshooter/PNG/Lasers/laserRed15.png using Guid(56af9732226e4e74590be95e02fa9bea) Importer(815301076,1909f56bfc062723c751e8b465ee728b)  -> (artifact id: '50627d634664efb3dc562be1eda91846') in 0.014174 seconds 
  Import took 0.018423 seconds .

========================================================================
Received Import Request.
  Time since last request: 0.000288 seconds.
  path: Assets/Asset Packs/spaceshooter/PNG/Lasers/laserBlue12.png
  artifactKey: Guid(cddd708b67212664190d5e494f97e1ba) Importer(815301076,1909f56bfc062723c751e8b465ee728b)
Start importing Assets/Asset Packs/spaceshooter/PNG/Lasers/laserBlue12.png using Guid(cddd708b67212664190d5e494f97e1ba) Importer(815301076,1909f56bfc062723c751e8b465ee728b)  -> (artifact id: '8bd34396147d9d9d6b6bbc85681b0ff1') in 0.013444 seconds 
  Import took 0.017938 seconds .

========================================================================
Received Import Request.
  Time since last request: 0.000256 seconds.
  path: Assets/Asset Packs/spaceshooter/PNG/Lasers/laserGreen12.png
  artifactKey: Guid(c39579bacbfb74b4c983028109bf1567) Importer(815301076,1909f56bfc062723c751e8b465ee728b)
Start importing Assets/Asset Packs/spaceshooter/PNG/Lasers/laserGreen12.png using Guid(c39579bacbfb74b4c983028109bf1567) Importer(815301076,1909f56bfc062723c751e8b465ee728b)  -> (artifact id: 'dd5b97264a6b9fec38b0d0fb6eee3516') in 0.014095 seconds 
  Import took 0.018141 seconds .

========================================================================
Received Import Request.
  Time since last request: 0.000287 seconds.
  path: Assets/Asset Packs/spaceshooter/PNG/Lasers/laserBlue05.png
  artifactKey: Guid(37fe9a0a7a9ac844ba2bd5f9a3de06ee) Importer(815301076,1909f56bfc062723c751e8b465ee728b)
Start importing Assets/Asset Packs/spaceshooter/PNG/Lasers/laserBlue05.png using Guid(37fe9a0a7a9ac844ba2bd5f9a3de06ee) Importer(815301076,1909f56bfc062723c751e8b465ee728b)  -> (artifact id: '2ff6a71ff36c1d1adde647638333df3d') in 0.014375 seconds 
  Import took 0.018595 seconds .

========================================================================
Received Import Request.
  Time since last request: 0.000257 seconds.
  path: Assets/Asset Packs/spaceshooter/PNG/Lasers/laserRed12.png
  artifactKey: Guid(f99b536e518295f4caa0853e1da0760c) Importer(815301076,1909f56bfc062723c751e8b465ee728b)
Start importing Assets/Asset Packs/spaceshooter/PNG/Lasers/laserRed12.png using Guid(f99b536e518295f4caa0853e1da0760c) Importer(815301076,1909f56bfc062723c751e8b465ee728b)  -> (artifact id: 'dbefb8dfbc2c038fc4d7ade442ee5cfe') in 0.013357 seconds 
  Import took 0.017559 seconds .

========================================================================
Received Import Request.
  Time since last request: 0.000244 seconds.
  path: Assets/Asset Packs/spaceshooter/PNG/Lasers/laserRed06.png
  artifactKey: Guid(b17daf210e5ad3f4488fc7c466934465) Importer(815301076,1909f56bfc062723c751e8b465ee728b)
Start importing Assets/Asset Packs/spaceshooter/PNG/Lasers/laserRed06.png using Guid(b17daf210e5ad3f4488fc7c466934465) Importer(815301076,1909f56bfc062723c751e8b465ee728b)  -> (artifact id: '2b2db135f5de1f01aaa5f553ad0166dc') in 0.014062 seconds 
  Import took 0.018430 seconds .

========================================================================
Received Import Request.
  Time since last request: 0.000235 seconds.
  path: Assets/Asset Packs/spaceshooter/PNG/Lasers/laserBlue08.png
  artifactKey: Guid(7fb72c1b562a57044892cabba422fa3d) Importer(815301076,1909f56bfc062723c751e8b465ee728b)
Start importing Assets/Asset Packs/spaceshooter/PNG/Lasers/laserBlue08.png using Guid(7fb72c1b562a57044892cabba422fa3d) Importer(815301076,1909f56bfc062723c751e8b465ee728b)  -> (artifact id: '88d9ec859d92a9b56927b6b14cf0584e') in 0.015849 seconds 
  Import took 0.020380 seconds .

========================================================================
Received Import Request.
  Time since last request: 0.000265 seconds.
  path: Assets/Asset Packs/spaceshooter/PNG/Lasers/laserGreen08.png
  artifactKey: Guid(021bb28615b261a4ea1473a3679b69d6) Importer(815301076,1909f56bfc062723c751e8b465ee728b)
Start importing Assets/Asset Packs/spaceshooter/PNG/Lasers/laserGreen08.png using Guid(021bb28615b261a4ea1473a3679b69d6) Importer(815301076,1909f56bfc062723c751e8b465ee728b)  -> (artifact id: '98279fd8a12d172712b1bd611413c2f7') in 0.014372 seconds 
  Import took 0.018996 seconds .

========================================================================
Received Import Request.
  Time since last request: 0.000286 seconds.
  path: Assets/Asset Packs/spaceshooter/PNG/Lasers/laserRed13.png
  artifactKey: Guid(be48945a1b251d348bb824cadc4e1132) Importer(815301076,1909f56bfc062723c751e8b465ee728b)
Start importing Assets/Asset Packs/spaceshooter/PNG/Lasers/laserRed13.png using Guid(be48945a1b251d348bb824cadc4e1132) Importer(815301076,1909f56bfc062723c751e8b465ee728b)  -> (artifact id: '4bc65b8154ae37af38b5216baf6ffa36') in 0.014202 seconds 
  Import took 0.018652 seconds .

========================================================================
Received Import Request.
  Time since last request: 0.000311 seconds.
  path: Assets/Asset Packs/spaceshooter/PNG/Lasers/laserBlue11.png
  artifactKey: Guid(946a4502414a0bb46a2030f438f0f3a8) Importer(815301076,1909f56bfc062723c751e8b465ee728b)
Start importing Assets/Asset Packs/spaceshooter/PNG/Lasers/laserBlue11.png using Guid(946a4502414a0bb46a2030f438f0f3a8) Importer(815301076,1909f56bfc062723c751e8b465ee728b)  -> (artifact id: '204f28c597a547bc3549471b83865a98') in 0.016450 seconds 
  Import took 0.020729 seconds .

========================================================================
Received Import Request.
  Time since last request: 0.000242 seconds.
  path: Assets/Asset Packs/spaceshooter/PNG/Lasers/laserBlue04.png
  artifactKey: Guid(51bf7558e64b0f94f8ecd8b303355a35) Importer(815301076,1909f56bfc062723c751e8b465ee728b)
Start importing Assets/Asset Packs/spaceshooter/PNG/Lasers/laserBlue04.png using Guid(51bf7558e64b0f94f8ecd8b303355a35) Importer(815301076,1909f56bfc062723c751e8b465ee728b)  -> (artifact id: '3dcc5104f0e09d29413ee442b3ec77e3') in 0.013989 seconds 
  Import took 0.018085 seconds .

========================================================================
Received Import Request.
  Time since last request: 0.000247 seconds.
  path: Assets/Asset Packs/spaceshooter/PNG/Lasers/laserGreen03.png
  artifactKey: Guid(4fca096ddcc816849964d28717c62d72) Importer(815301076,1909f56bfc062723c751e8b465ee728b)
Start importing Assets/Asset Packs/spaceshooter/PNG/Lasers/laserGreen03.png using Guid(4fca096ddcc816849964d28717c62d72) Importer(815301076,1909f56bfc062723c751e8b465ee728b)  -> (artifact id: '924f6b51d6572dab2c79fd9b87d0994a') in 0.015877 seconds 
  Import took 0.020033 seconds .

========================================================================
Received Import Request.
  Time since last request: 0.000206 seconds.
  path: Assets/Asset Packs/spaceshooter/PNG/Lasers/laserRed05.png
  artifactKey: Guid(59fccead0c98e6e4080c6aa23b5b77cc) Importer(815301076,1909f56bfc062723c751e8b465ee728b)
Start importing Assets/Asset Packs/spaceshooter/PNG/Lasers/laserRed05.png using Guid(59fccead0c98e6e4080c6aa23b5b77cc) Importer(815301076,1909f56bfc062723c751e8b465ee728b)  -> (artifact id: '12c58b145ee1573b59c5a4ee1eb393fc') in 0.016505 seconds 
  Import took 0.020565 seconds .

========================================================================
Received Import Request.
  Time since last request: 0.000262 seconds.
  path: Assets/Asset Packs/spaceshooter/PNG/Lasers/laserGreen07.png
  artifactKey: Guid(26ad5a9b3855c304c887c8b64f1eb5c0) Importer(815301076,1909f56bfc062723c751e8b465ee728b)
Start importing Assets/Asset Packs/spaceshooter/PNG/Lasers/laserGreen07.png using Guid(26ad5a9b3855c304c887c8b64f1eb5c0) Importer(815301076,1909f56bfc062723c751e8b465ee728b)  -> (artifact id: '71298c8ee724635bafd7854338c64916') in 0.014352 seconds 
  Import took 0.018421 seconds .

========================================================================
Received Import Request.
  Time since last request: 0.000275 seconds.
  path: Assets/Asset Packs/spaceshooter/PNG/Lasers/laserBlue15.png
  artifactKey: Guid(95d7d161b8b25904aaa4ec1e78a53122) Importer(815301076,1909f56bfc062723c751e8b465ee728b)
Start importing Assets/Asset Packs/spaceshooter/PNG/Lasers/laserBlue15.png using Guid(95d7d161b8b25904aaa4ec1e78a53122) Importer(815301076,1909f56bfc062723c751e8b465ee728b)  -> (artifact id: '07bb5674d4b7d5dc934268b4c56a5576') in 0.014573 seconds 
  Import took 0.019029 seconds .

========================================================================
Received Import Request.
  Time since last request: 0.000213 seconds.
  path: Assets/Asset Packs/spaceshooter/PNG/Lasers/laserBlue09.png
  artifactKey: Guid(0d6910dc333a8f64885eacb296193862) Importer(815301076,1909f56bfc062723c751e8b465ee728b)
Start importing Assets/Asset Packs/spaceshooter/PNG/Lasers/laserBlue09.png using Guid(0d6910dc333a8f64885eacb296193862) Importer(815301076,1909f56bfc062723c751e8b465ee728b)  -> (artifact id: 'b88adcba8ba21d41c19c6a26bb414165') in 0.016545 seconds 
  Import took 0.020858 seconds .

========================================================================
Received Import Request.
  Time since last request: 0.000287 seconds.
  path: Assets/Asset Packs/spaceshooter/PNG/Lasers/laserGreen01.png
  artifactKey: Guid(e4762df0ef6e0c2448dd7b4aff63d76f) Importer(815301076,1909f56bfc062723c751e8b465ee728b)
Start importing Assets/Asset Packs/spaceshooter/PNG/Lasers/laserGreen01.png using Guid(e4762df0ef6e0c2448dd7b4aff63d76f) Importer(815301076,1909f56bfc062723c751e8b465ee728b)  -> (artifact id: '89d8f4094e3793c809dddc8364db0f33') in 0.016800 seconds 
  Import took 0.021305 seconds .

========================================================================
Received Import Request.
  Time since last request: 0.000266 seconds.
  path: Assets/Asset Packs/spaceshooter/PNG/Lasers/laserBlue06.png
  artifactKey: Guid(34df9107e33a86847b27ff887fa4e48c) Importer(815301076,1909f56bfc062723c751e8b465ee728b)
Start importing Assets/Asset Packs/spaceshooter/PNG/Lasers/laserBlue06.png using Guid(34df9107e33a86847b27ff887fa4e48c) Importer(815301076,1909f56bfc062723c751e8b465ee728b)  -> (artifact id: '637d8ec922ac0f6113259fd30b66e58e') in 0.014856 seconds 
  Import took 0.019879 seconds .

========================================================================
Received Import Request.
  Time since last request: 0.000237 seconds.
  path: Assets/Asset Packs/spaceshooter/PNG/Lasers/laserRed08.png
  artifactKey: Guid(b8e9e205e030edc4c8bf49b53ea1d218) Importer(815301076,1909f56bfc062723c751e8b465ee728b)
Start importing Assets/Asset Packs/spaceshooter/PNG/Lasers/laserRed08.png using Guid(b8e9e205e030edc4c8bf49b53ea1d218) Importer(815301076,1909f56bfc062723c751e8b465ee728b)  -> (artifact id: '0ba39cf764379e1acd56c0c81ec8395c') in 0.016212 seconds 
  Import took 0.020874 seconds .

========================================================================
Received Import Request.
  Time since last request: 0.000248 seconds.
  path: Assets/Asset Packs/spaceshooter/PNG/Lasers/laserBlue03.png
  artifactKey: Guid(bf4285c0210466944bdbff9f46cfd1cd) Importer(815301076,1909f56bfc062723c751e8b465ee728b)
Start importing Assets/Asset Packs/spaceshooter/PNG/Lasers/laserBlue03.png using Guid(bf4285c0210466944bdbff9f46cfd1cd) Importer(815301076,1909f56bfc062723c751e8b465ee728b)  -> (artifact id: 'f9f5d28b36f9a15a8dcdf2ca9590b992') in 0.014955 seconds 
  Import took 0.019303 seconds .

========================================================================
Received Import Request.
  Time since last request: 0.000227 seconds.
  path: Assets/Asset Packs/spaceshooter/PNG/Lasers/laserGreen02.png
  artifactKey: Guid(5fd2fd2802cb4be479b332a427ac3dde) Importer(815301076,1909f56bfc062723c751e8b465ee728b)
Start importing Assets/Asset Packs/spaceshooter/PNG/Lasers/laserGreen02.png using Guid(5fd2fd2802cb4be479b332a427ac3dde) Importer(815301076,1909f56bfc062723c751e8b465ee728b)  -> (artifact id: '47718a50199ed4be50273397cfa4076f') in 0.015680 seconds 
  Import took 0.020003 seconds .

========================================================================
Received Import Request.
  Time since last request: 0.000268 seconds.
  path: Assets/Asset Packs/spaceshooter/PNG/Lasers/laserRed04.png
  artifactKey: Guid(be571f8e06be325499687f57d5d464a8) Importer(815301076,1909f56bfc062723c751e8b465ee728b)
Start importing Assets/Asset Packs/spaceshooter/PNG/Lasers/laserRed04.png using Guid(be571f8e06be325499687f57d5d464a8) Importer(815301076,1909f56bfc062723c751e8b465ee728b)  -> (artifact id: '9c652ab1b4c4df4e7283e27c1aca9279') in 0.015150 seconds 
  Import took 0.019840 seconds .

========================================================================
Received Import Request.
  Time since last request: 0.000248 seconds.
  path: Assets/Asset Packs/spaceshooter/PNG/Lasers/laserGreen15.png
  artifactKey: Guid(b32f92cdedebc874a98a55c6dc66e5d1) Importer(815301076,1909f56bfc062723c751e8b465ee728b)
Start importing Assets/Asset Packs/spaceshooter/PNG/Lasers/laserGreen15.png using Guid(b32f92cdedebc874a98a55c6dc66e5d1) Importer(815301076,1909f56bfc062723c751e8b465ee728b)  -> (artifact id: 'daa78a54784bedb42a6cd305cd8e15b5') in 0.015206 seconds 
  Import took 0.019311 seconds .

========================================================================
Received Import Request.
  Time since last request: 0.000321 seconds.
  path: Assets/Asset Packs/spaceshooter/PNG/Lasers/laserRed02.png
  artifactKey: Guid(8ebc381c1bc2b3444952c40df0d1b03c) Importer(815301076,1909f56bfc062723c751e8b465ee728b)
Start importing Assets/Asset Packs/spaceshooter/PNG/Lasers/laserRed02.png using Guid(8ebc381c1bc2b3444952c40df0d1b03c) Importer(815301076,1909f56bfc062723c751e8b465ee728b)  -> (artifact id: 'd5037942df5c2ac9342292611a25169e') in 0.017719 seconds 
  Import took 0.021790 seconds .

========================================================================
Received Import Request.
  Time since last request: 0.000204 seconds.
  path: Assets/Asset Packs/spaceshooter/PNG/Lasers/laserRed09.png
  artifactKey: Guid(8cb089201efc2d748a10b1d02a9166f5) Importer(815301076,1909f56bfc062723c751e8b465ee728b)
Start importing Assets/Asset Packs/spaceshooter/PNG/Lasers/laserRed09.png using Guid(8cb089201efc2d748a10b1d02a9166f5) Importer(815301076,1909f56bfc062723c751e8b465ee728b)  -> (artifact id: 'f679c2e88f73f5c9ed6ce01598e3f0ce') in 0.016071 seconds 
  Import took 0.020384 seconds .

========================================================================
Received Import Request.
  Time since last request: 0.000218 seconds.
  path: Assets/Asset Packs/spaceshooter/PNG/Lasers/laserGreen14.png
  artifactKey: Guid(8230c719516bace45969f82f2122240c) Importer(815301076,1909f56bfc062723c751e8b465ee728b)
Start importing Assets/Asset Packs/spaceshooter/PNG/Lasers/laserGreen14.png using Guid(8230c719516bace45969f82f2122240c) Importer(815301076,1909f56bfc062723c751e8b465ee728b)  -> (artifact id: '285c5e519213fac143727a5d06e21a3f') in 0.015270 seconds 
  Import took 0.019725 seconds .

========================================================================
Received Import Request.
  Time since last request: 0.000294 seconds.
  path: Assets/Asset Packs/spaceshooter/PNG/Lasers/laserRed14.png
  artifactKey: Guid(cbe37d122513c1f4a8aa95cc73d27d11) Importer(815301076,1909f56bfc062723c751e8b465ee728b)
Start importing Assets/Asset Packs/spaceshooter/PNG/Lasers/laserRed14.png using Guid(cbe37d122513c1f4a8aa95cc73d27d11) Importer(815301076,1909f56bfc062723c751e8b465ee728b)  -> (artifact id: 'ad881fc99f4046239771abee78dfa435') in 0.014111 seconds 
  Import took 0.018525 seconds .

========================================================================
Received Import Request.
  Time since last request: 0.000229 seconds.
  path: Assets/Asset Packs/spaceshooter/PNG/Lasers/laserGreen11.png
  artifactKey: Guid(a197aabde7676a8439f0fe912b8f10d5) Importer(815301076,1909f56bfc062723c751e8b465ee728b)
Start importing Assets/Asset Packs/spaceshooter/PNG/Lasers/laserGreen11.png using Guid(a197aabde7676a8439f0fe912b8f10d5) Importer(815301076,1909f56bfc062723c751e8b465ee728b)  -> (artifact id: 'b548b8c1ded0a7922bfcce0e1bfc3152') in 0.015539 seconds 
  Import took 0.019526 seconds .

========================================================================
Received Import Request.
  Time since last request: 0.000238 seconds.
  path: Assets/Asset Packs/spaceshooter/PNG/Lasers/laserGreen04.png
  artifactKey: Guid(1d09662ad700c7348936b3d0370e7777) Importer(815301076,1909f56bfc062723c751e8b465ee728b)
Start importing Assets/Asset Packs/spaceshooter/PNG/Lasers/laserGreen04.png using Guid(1d09662ad700c7348936b3d0370e7777) Importer(815301076,1909f56bfc062723c751e8b465ee728b)  -> (artifact id: '97f29e8c504082492f74cd3cca3461e8') in 0.017926 seconds 
  Import took 0.021997 seconds .

========================================================================
Received Import Request.
  Time since last request: 0.000204 seconds.
  path: Assets/Asset Packs/spaceshooter/PNG/Lasers/laserRed03.png
  artifactKey: Guid(cd01d54a585c3ce4aaf387e3d0192326) Importer(815301076,1909f56bfc062723c751e8b465ee728b)
Start importing Assets/Asset Packs/spaceshooter/PNG/Lasers/laserRed03.png using Guid(cd01d54a585c3ce4aaf387e3d0192326) Importer(815301076,1909f56bfc062723c751e8b465ee728b)  -> (artifact id: '4b91bec13a3c351a15b152831ac9e017') in 0.015528 seconds 
  Import took 0.019586 seconds .

========================================================================
Received Import Request.
  Time since last request: 0.000280 seconds.
  path: Assets/Asset Packs/spaceshooter/PNG/Lasers/laserRed07.png
  artifactKey: Guid(23cb26e179ba7ea4e8763a6c75637c8c) Importer(815301076,1909f56bfc062723c751e8b465ee728b)
Start importing Assets/Asset Packs/spaceshooter/PNG/Lasers/laserRed07.png using Guid(23cb26e179ba7ea4e8763a6c75637c8c) Importer(815301076,1909f56bfc062723c751e8b465ee728b)  -> (artifact id: 'e6298d6a9667323c61679b06ec4c98e2') in 0.015452 seconds 
  Import took 0.019518 seconds .

========================================================================
Received Import Request.
  Time since last request: 188.374987 seconds.
  path: Assets/Prefabs/Projectile.prefab
  artifactKey: Guid(5754bd948a391ca4aab9147a6384ef20) Importer(815301076,1909f56bfc062723c751e8b465ee728b)
Start importing Assets/Prefabs/Projectile.prefab using Guid(5754bd948a391ca4aab9147a6384ef20) Importer(815301076,1909f56bfc062723c751e8b465ee728b)  -> (artifact id: '6031f1dbf24bcdac511aa45284f347bb') in 0.019765 seconds 
  Import took 0.024363 seconds .

========================================================================
Received Import Request.
  Time since last request: 0.007969 seconds.
  path: Assets/Prefabs/Projectile.prefab
  artifactKey: Guid(5754bd948a391ca4aab9147a6384ef20) Importer(815301076,1909f56bfc062723c751e8b465ee728b)
Start importing Assets/Prefabs/Projectile.prefab using Guid(5754bd948a391ca4aab9147a6384ef20) Importer(815301076,1909f56bfc062723c751e8b465ee728b)  -> (artifact id: '6031f1dbf24bcdac511aa45284f347bb') in 0.013592 seconds 
  Import took 0.018130 seconds .

========================================================================
Received Import Request.
  Time since last request: 25.728403 seconds.
  path: Assets/Prefabs/Projectile_player.prefab
  artifactKey: Guid(5754bd948a391ca4aab9147a6384ef20) Importer(815301076,1909f56bfc062723c751e8b465ee728b)
Start importing Assets/Prefabs/Projectile_player.prefab using Guid(5754bd948a391ca4aab9147a6384ef20) Importer(815301076,1909f56bfc062723c751e8b465ee728b)  -> (artifact id: '693313da389a9d44afc4f474470f1f6e') in 0.020324 seconds 
  Import took 0.026605 seconds .

========================================================================
Received Import Request.
  Time since last request: 8.190473 seconds.
  path: Assets/Prefabs/Projectile_player 1.prefab
  artifactKey: Guid(f30944a9ffcd084438bddd8cf6c2b237) Importer(815301076,1909f56bfc062723c751e8b465ee728b)
Start importing Assets/Prefabs/Projectile_player 1.prefab using Guid(f30944a9ffcd084438bddd8cf6c2b237) Importer(815301076,1909f56bfc062723c751e8b465ee728b)  -> (artifact id: 'b45b23e59619c772046f1620d32a6933') in 0.019528 seconds 
  Import took 0.026116 seconds .

========================================================================
Received Import Request.
  Time since last request: 20.385764 seconds.
  path: Assets/Prefabs/Projectile_enemy.prefab
  artifactKey: Guid(f30944a9ffcd084438bddd8cf6c2b237) Importer(815301076,1909f56bfc062723c751e8b465ee728b)
Start importing Assets/Prefabs/Projectile_enemy.prefab using Guid(f30944a9ffcd084438bddd8cf6c2b237) Importer(815301076,1909f56bfc062723c751e8b465ee728b)  -> (artifact id: 'dce6a2ce08d26058922a7995b79a0af8') in 0.015797 seconds 
  Import took 0.020745 seconds .

========================================================================
Received Import Request.
  Time since last request: 86.436834 seconds.
  path: Assets/Prefabs/Projectile_enemy.prefab
  artifactKey: Guid(f30944a9ffcd084438bddd8cf6c2b237) Importer(815301076,1909f56bfc062723c751e8b465ee728b)
Start importing Assets/Prefabs/Projectile_enemy.prefab using Guid(f30944a9ffcd084438bddd8cf6c2b237) Importer(815301076,1909f56bfc062723c751e8b465ee728b)  -> (artifact id: '92b1dbc004e26c4e464ded15e341da3f') in 0.014289 seconds 
  Import took 0.018880 seconds .

========================================================================
Received Import Request.
  Time since last request: 4.230338 seconds.
  path: Assets/Prefabs/Projectile_enemy.prefab
  artifactKey: Guid(f30944a9ffcd084438bddd8cf6c2b237) Importer(815301076,1909f56bfc062723c751e8b465ee728b)
Start importing Assets/Prefabs/Projectile_enemy.prefab using Guid(f30944a9ffcd084438bddd8cf6c2b237) Importer(815301076,1909f56bfc062723c751e8b465ee728b)  -> (artifact id: '0ff277786af4d18396945c9f527334ac') in 0.016966 seconds 
  Import took 0.021928 seconds .

========================================================================
Received Import Request.
  Time since last request: 3.277777 seconds.
  path: Assets/Prefabs/Projectile_player.prefab
  artifactKey: Guid(5754bd948a391ca4aab9147a6384ef20) Importer(815301076,1909f56bfc062723c751e8b465ee728b)
Start importing Assets/Prefabs/Projectile_player.prefab using Guid(5754bd948a391ca4aab9147a6384ef20) Importer(815301076,1909f56bfc062723c751e8b465ee728b)  -> (artifact id: '0bc3f7bb13d7f39c1399c195c2af8f99') in 0.018652 seconds 
  Import took 0.025038 seconds .

========================================================================
Received Import Request.
  Time since last request: 0.003410 seconds.
  path: Assets/Prefabs/Projectile_player.prefab
  artifactKey: Guid(5754bd948a391ca4aab9147a6384ef20) Importer(815301076,1909f56bfc062723c751e8b465ee728b)
Start importing Assets/Prefabs/Projectile_player.prefab using Guid(5754bd948a391ca4aab9147a6384ef20) Importer(815301076,1909f56bfc062723c751e8b465ee728b)  -> (artifact id: '0bc3f7bb13d7f39c1399c195c2af8f99') in 0.014649 seconds 
  Import took 0.019557 seconds .

========================================================================
Received Import Request.
  Time since last request: 354.659861 seconds.
  path: ProjectSettings/TagManager.asset
  artifactKey: Guid(00000000000000003000000000000000) Importer(815301076,1909f56bfc062723c751e8b465ee728b)
Start importing ProjectSettings/TagManager.asset using Guid(00000000000000003000000000000000) Importer(815301076,1909f56bfc062723c751e8b465ee728b)  -> (artifact id: '95df672b4aaba54310d34c83eef51bb8') in 0.006858 seconds 
  Import took 0.011473 seconds .

========================================================================
Received Import Request.
  Time since last request: 0.003144 seconds.
  path: ProjectSettings/TagManager.asset
  artifactKey: Guid(00000000000000003000000000000000) Importer(815301076,1909f56bfc062723c751e8b465ee728b)
Start importing ProjectSettings/TagManager.asset using Guid(00000000000000003000000000000000) Importer(815301076,1909f56bfc062723c751e8b465ee728b)  -> (artifact id: '95df672b4aaba54310d34c83eef51bb8') in 0.004467 seconds 
  Import took 0.008907 seconds .

========================================================================
Received Import Request.
  Time since last request: 136.618095 seconds.
  path: Assets/Prefabs/Enemy 0.prefab
  artifactKey: Guid(621ab76df7bcbb34f92065b7811fd768) Importer(815301076,1909f56bfc062723c751e8b465ee728b)
Start importing Assets/Prefabs/Enemy 0.prefab using Guid(621ab76df7bcbb34f92065b7811fd768) Importer(815301076,1909f56bfc062723c751e8b465ee728b)  -> (artifact id: 'a2151631cf109bed76690d57bde4987a') in 0.020951 seconds 
  Import took 0.026071 seconds .

========================================================================
Received Import Request.
  Time since last request: 0.000241 seconds.
  path: Assets/Prefabs/Projectile_enemy.prefab
  artifactKey: Guid(f30944a9ffcd084438bddd8cf6c2b237) Importer(815301076,1909f56bfc062723c751e8b465ee728b)
Start importing Assets/Prefabs/Projectile_enemy.prefab using Guid(f30944a9ffcd084438bddd8cf6c2b237) Importer(815301076,1909f56bfc062723c751e8b465ee728b)  -> (artifact id: 'c1ccf062a82a35e8dcf62177cee53869') in 0.016928 seconds 
  Import took 0.021805 seconds .

========================================================================
Received Import Request.
  Time since last request: 12.887426 seconds.
  path: Assets/Prefabs/Player.prefab
  artifactKey: Guid(566ea03e2b71fa84c95a4f7632bdd80d) Importer(815301076,1909f56bfc062723c751e8b465ee728b)
Start importing Assets/Prefabs/Player.prefab using Guid(566ea03e2b71fa84c95a4f7632bdd80d) Importer(815301076,1909f56bfc062723c751e8b465ee728b)  -> (artifact id: 'f59b6def17280bb3cfd4dfff30f6666e') in 0.019001 seconds 
  Import took 0.023702 seconds .

========================================================================
Received Import Request.
  Time since last request: 0.000236 seconds.
  path: Assets/Prefabs/Projectile_player.prefab
  artifactKey: Guid(5754bd948a391ca4aab9147a6384ef20) Importer(815301076,1909f56bfc062723c751e8b465ee728b)
Start importing Assets/Prefabs/Projectile_player.prefab using Guid(5754bd948a391ca4aab9147a6384ef20) Importer(815301076,1909f56bfc062723c751e8b465ee728b)  -> (artifact id: '0929d82f7fdf5c83dce121f4d835c0b1') in 0.015384 seconds 
  Import took 0.020875 seconds .

========================================================================
Received Prepare
Registering precompiled user dll's ...
Registered in 0.009531 seconds.
Begin MonoManager ReloadAssembly
Native extension for WindowsStandalone target not found
Native extension for WebGL target not found
Refreshing native plugins compatible for Editor in 0.66 ms, found 3 plugins.
Preloading 0 native plugins for Editor in 0.00 ms.
Mono: successfully reloaded assembly
- Completed reload, in  1.538 seconds
Domain Reload Profiling:
	ReloadAssembly (1539ms)
		BeginReloadAssembly (184ms)
			ExecutionOrderSort (0ms)
			DisableScriptedObjects (9ms)
			BackupInstance (0ms)
			ReleaseScriptingObjects (0ms)
			CreateAndSetChildDomain (55ms)
		EndReloadAssembly (1255ms)
			LoadAssemblies (129ms)
			RebuildTransferFunctionScriptingTraits (0ms)
			SetupTypeCache (394ms)
			ReleaseScriptCaches (1ms)
			RebuildScriptCaches (73ms)
			SetupLoadedEditorAssemblies (498ms)
				LogAssemblyErrors (0ms)
				InitializePlatformSupportModulesInManaged (8ms)
				SetLoadedEditorAssemblies (1ms)
				RefreshPlugins (1ms)
				BeforeProcessingInitializeOnLoad (131ms)
				ProcessInitializeOnLoadAttributes (332ms)
				ProcessInitializeOnLoadMethodAttributes (8ms)
				AfterProcessingInitializeOnLoad (18ms)
				EditorAssembliesLoaded (0ms)
			ExecutionOrderSort2 (0ms)
			AwakeInstancesAfterBackupRestoration (13ms)
Platform modules already initialized, skipping
Refreshing native plugins compatible for Editor in 0.67 ms, found 3 plugins.
Preloading 0 native plugins for Editor in 0.00 ms.
Unloading 2383 Unused Serialized files (Serialized files now loaded: 0)
System memory in use before: 106.6 MB.
System memory in use after: 106.8 MB.

Unloading 16 unused Assets to reduce memory usage. Loaded Objects now: 2878.
Total: 4.664500 ms (FindLiveObjects: 0.353200 ms CreateObjectMapping: 0.086800 ms MarkObjects: 4.197100 ms  DeleteObjects: 0.025800 ms)

AssetImportParameters requested are different than current active one (requested -> active):
  custom:framework-win-MediaFoundation: 216162199b28c13a410421893ffa2e32 -> 
  custom:video-decoder-ogg-theora: a1e56fd34408186e4bbccfd4996cb3dc -> 
  custom:container-muxer-webm: aa71ff27fc2769a1b78a27578f13a17b -> 
  custom:container-demuxer-webm: 4f35f7cbe854078d1ac9338744f61a02 -> 
  custom:container-demuxer-ogg: 62fdf1f143b41e24485cea50d1cbac27 -> 
  custom:video-encoder-webm-vp8: eb34c28f22e8b96e1ab97ce403110664 -> 
  custom:video-decoder-webm-vp8: 9c59270c3fd7afecdb556c50c9e8de78 -> 
  custom:audio-decoder-ogg-vorbis: bf7c407c2cedff20999df2af8eb42d56 -> 
  custom:audio-encoder-webm-vorbis: bf7c407c2cedff20999df2af8eb42d56 -> 
========================================================================
Received Prepare
Registering precompiled user dll's ...
Registered in 0.007958 seconds.
Begin MonoManager ReloadAssembly
Native extension for WindowsStandalone target not found
Native extension for WebGL target not found
Refreshing native plugins compatible for Editor in 0.65 ms, found 3 plugins.
Preloading 0 native plugins for Editor in 0.00 ms.
Mono: successfully reloaded assembly
- Completed reload, in  1.523 seconds
Domain Reload Profiling:
	ReloadAssembly (1524ms)
		BeginReloadAssembly (174ms)
			ExecutionOrderSort (0ms)
			DisableScriptedObjects (9ms)
			BackupInstance (0ms)
			ReleaseScriptingObjects (0ms)
			CreateAndSetChildDomain (48ms)
		EndReloadAssembly (1249ms)
			LoadAssemblies (130ms)
			RebuildTransferFunctionScriptingTraits (0ms)
			SetupTypeCache (379ms)
			ReleaseScriptCaches (1ms)
			RebuildScriptCaches (75ms)
			SetupLoadedEditorAssemblies (500ms)
				LogAssemblyErrors (0ms)
				InitializePlatformSupportModulesInManaged (8ms)
				SetLoadedEditorAssemblies (1ms)
				RefreshPlugins (1ms)
				BeforeProcessingInitializeOnLoad (130ms)
				ProcessInitializeOnLoadAttributes (335ms)
				ProcessInitializeOnLoadMethodAttributes (8ms)
				AfterProcessingInitializeOnLoad (18ms)
				EditorAssembliesLoaded (0ms)
			ExecutionOrderSort2 (0ms)
			AwakeInstancesAfterBackupRestoration (13ms)
Platform modules already initialized, skipping
Refreshing native plugins compatible for Editor in 0.66 ms, found 3 plugins.
Preloading 0 native plugins for Editor in 0.00 ms.
Unloading 2383 Unused Serialized files (Serialized files now loaded: 0)
System memory in use before: 106.7 MB.
System memory in use after: 106.9 MB.

Unloading 14 unused Assets to reduce memory usage. Loaded Objects now: 2880.
Total: 4.358000 ms (FindLiveObjects: 0.321600 ms CreateObjectMapping: 0.079700 ms MarkObjects: 3.932600 ms  DeleteObjects: 0.022200 ms)

AssetImportParameters requested are different than current active one (requested -> active):
  custom:framework-win-MediaFoundation: 216162199b28c13a410421893ffa2e32 -> 
  custom:video-decoder-ogg-theora: a1e56fd34408186e4bbccfd4996cb3dc -> 
  custom:container-muxer-webm: aa71ff27fc2769a1b78a27578f13a17b -> 
  custom:container-demuxer-webm: 4f35f7cbe854078d1ac9338744f61a02 -> 
  custom:container-demuxer-ogg: 62fdf1f143b41e24485cea50d1cbac27 -> 
  custom:video-encoder-webm-vp8: eb34c28f22e8b96e1ab97ce403110664 -> 
  custom:video-decoder-webm-vp8: 9c59270c3fd7afecdb556c50c9e8de78 -> 
  custom:audio-decoder-ogg-vorbis: bf7c407c2cedff20999df2af8eb42d56 -> 
  custom:audio-encoder-webm-vorbis: bf7c407c2cedff20999df2af8eb42d56 -> 
========================================================================
Received Prepare
Registering precompiled user dll's ...
Registered in 0.007912 seconds.
Begin MonoManager ReloadAssembly
Native extension for WindowsStandalone target not found
Native extension for WebGL target not found
Refreshing native plugins compatible for Editor in 0.65 ms, found 3 plugins.
Preloading 0 native plugins for Editor in 0.00 ms.
Mono: successfully reloaded assembly
- Completed reload, in  1.482 seconds
Domain Reload Profiling:
	ReloadAssembly (1483ms)
		BeginReloadAssembly (159ms)
			ExecutionOrderSort (0ms)
			DisableScriptedObjects (9ms)
			BackupInstance (0ms)
			ReleaseScriptingObjects (0ms)
			CreateAndSetChildDomain (44ms)
		EndReloadAssembly (1223ms)
			LoadAssemblies (131ms)
			RebuildTransferFunctionScriptingTraits (0ms)
			SetupTypeCache (377ms)
			ReleaseScriptCaches (1ms)
			RebuildScriptCaches (71ms)
			SetupLoadedEditorAssemblies (487ms)
				LogAssemblyErrors (0ms)
				InitializePlatformSupportModulesInManaged (8ms)
				SetLoadedEditorAssemblies (1ms)
				RefreshPlugins (1ms)
				BeforeProcessingInitializeOnLoad (125ms)
				ProcessInitializeOnLoadAttributes (328ms)
				ProcessInitializeOnLoadMethodAttributes (7ms)
				AfterProcessingInitializeOnLoad (18ms)
				EditorAssembliesLoaded (0ms)
			ExecutionOrderSort2 (0ms)
			AwakeInstancesAfterBackupRestoration (13ms)
Platform modules already initialized, skipping
Refreshing native plugins compatible for Editor in 0.70 ms, found 3 plugins.
Preloading 0 native plugins for Editor in 0.00 ms.
Unloading 2383 Unused Serialized files (Serialized files now loaded: 0)
System memory in use before: 106.7 MB.
System memory in use after: 106.9 MB.

Unloading 14 unused Assets to reduce memory usage. Loaded Objects now: 2882.
Total: 4.364100 ms (FindLiveObjects: 0.315700 ms CreateObjectMapping: 0.079300 ms MarkObjects: 3.944800 ms  DeleteObjects: 0.022700 ms)

AssetImportParameters requested are different than current active one (requested -> active):
  custom:framework-win-MediaFoundation: 216162199b28c13a410421893ffa2e32 -> 
  custom:video-decoder-ogg-theora: a1e56fd34408186e4bbccfd4996cb3dc -> 
  custom:container-muxer-webm: aa71ff27fc2769a1b78a27578f13a17b -> 
  custom:container-demuxer-webm: 4f35f7cbe854078d1ac9338744f61a02 -> 
  custom:container-demuxer-ogg: 62fdf1f143b41e24485cea50d1cbac27 -> 
  custom:video-encoder-webm-vp8: eb34c28f22e8b96e1ab97ce403110664 -> 
  custom:video-decoder-webm-vp8: 9c59270c3fd7afecdb556c50c9e8de78 -> 
  custom:audio-decoder-ogg-vorbis: bf7c407c2cedff20999df2af8eb42d56 -> 
  custom:audio-encoder-webm-vorbis: bf7c407c2cedff20999df2af8eb42d56 -> 
========================================================================
Received Prepare
Registering precompiled user dll's ...
Registered in 0.007747 seconds.
Begin MonoManager ReloadAssembly
Native extension for WindowsStandalone target not found
Native extension for WebGL target not found
Refreshing native plugins compatible for Editor in 0.66 ms, found 3 plugins.
Preloading 0 native plugins for Editor in 0.00 ms.
Mono: successfully reloaded assembly
- Completed reload, in  1.491 seconds
Domain Reload Profiling:
	ReloadAssembly (1492ms)
		BeginReloadAssembly (150ms)
			ExecutionOrderSort (0ms)
			DisableScriptedObjects (9ms)
			BackupInstance (0ms)
			ReleaseScriptingObjects (0ms)
			CreateAndSetChildDomain (44ms)
		EndReloadAssembly (1243ms)
			LoadAssemblies (128ms)
			RebuildTransferFunctionScriptingTraits (0ms)
			SetupTypeCache (369ms)
			ReleaseScriptCaches (1ms)
			RebuildScriptCaches (79ms)
			SetupLoadedEditorAssemblies (499ms)
				LogAssemblyErrors (0ms)
				InitializePlatformSupportModulesInManaged (8ms)
				SetLoadedEditorAssemblies (1ms)
				RefreshPlugins (1ms)
				BeforeProcessingInitializeOnLoad (129ms)
				ProcessInitializeOnLoadAttributes (336ms)
				ProcessInitializeOnLoadMethodAttributes (8ms)
				AfterProcessingInitializeOnLoad (17ms)
				EditorAssembliesLoaded (0ms)
			ExecutionOrderSort2 (0ms)
			AwakeInstancesAfterBackupRestoration (13ms)
Platform modules already initialized, skipping
Refreshing native plugins compatible for Editor in 0.70 ms, found 3 plugins.
Preloading 0 native plugins for Editor in 0.00 ms.
Unloading 2383 Unused Serialized files (Serialized files now loaded: 0)
System memory in use before: 106.7 MB.
System memory in use after: 106.9 MB.

Unloading 14 unused Assets to reduce memory usage. Loaded Objects now: 2884.
Total: 4.108500 ms (FindLiveObjects: 0.328600 ms CreateObjectMapping: 0.078400 ms MarkObjects: 3.679700 ms  DeleteObjects: 0.020600 ms)

AssetImportParameters requested are different than current active one (requested -> active):
  custom:framework-win-MediaFoundation: 216162199b28c13a410421893ffa2e32 -> 
  custom:video-decoder-ogg-theora: a1e56fd34408186e4bbccfd4996cb3dc -> 
  custom:container-muxer-webm: aa71ff27fc2769a1b78a27578f13a17b -> 
  custom:container-demuxer-webm: 4f35f7cbe854078d1ac9338744f61a02 -> 
  custom:container-demuxer-ogg: 62fdf1f143b41e24485cea50d1cbac27 -> 
  custom:video-encoder-webm-vp8: eb34c28f22e8b96e1ab97ce403110664 -> 
  custom:video-decoder-webm-vp8: 9c59270c3fd7afecdb556c50c9e8de78 -> 
  custom:audio-decoder-ogg-vorbis: bf7c407c2cedff20999df2af8eb42d56 -> 
  custom:audio-encoder-webm-vorbis: bf7c407c2cedff20999df2af8eb42d56 -> 
========================================================================
Received Prepare
Registering precompiled user dll's ...
Registered in 0.008382 seconds.
Begin MonoManager ReloadAssembly
Native extension for WindowsStandalone target not found
Native extension for WebGL target not found
Refreshing native plugins compatible for Editor in 0.65 ms, found 3 plugins.
Preloading 0 native plugins for Editor in 0.00 ms.
Mono: successfully reloaded assembly
- Completed reload, in  1.580 seconds
Domain Reload Profiling:
	ReloadAssembly (1580ms)
		BeginReloadAssembly (200ms)
			ExecutionOrderSort (0ms)
			DisableScriptedObjects (9ms)
			BackupInstance (0ms)
			ReleaseScriptingObjects (0ms)
			CreateAndSetChildDomain (48ms)
		EndReloadAssembly (1281ms)
			LoadAssemblies (167ms)
			RebuildTransferFunctionScriptingTraits (0ms)
			SetupTypeCache (381ms)
			ReleaseScriptCaches (1ms)
			RebuildScriptCaches (70ms)
			SetupLoadedEditorAssemblies (526ms)
				LogAssemblyErrors (0ms)
				InitializePlatformSupportModulesInManaged (8ms)
				SetLoadedEditorAssemblies (1ms)
				RefreshPlugins (1ms)
				BeforeProcessingInitializeOnLoad (126ms)
				ProcessInitializeOnLoadAttributes (365ms)
				ProcessInitializeOnLoadMethodAttributes (8ms)
				AfterProcessingInitializeOnLoad (18ms)
				EditorAssembliesLoaded (0ms)
			ExecutionOrderSort2 (0ms)
			AwakeInstancesAfterBackupRestoration (13ms)
Platform modules already initialized, skipping
Refreshing native plugins compatible for Editor in 0.67 ms, found 3 plugins.
Preloading 0 native plugins for Editor in 0.00 ms.
Unloading 2383 Unused Serialized files (Serialized files now loaded: 0)
System memory in use before: 106.6 MB.
System memory in use after: 106.8 MB.

Unloading 14 unused Assets to reduce memory usage. Loaded Objects now: 2886.
Total: 4.141600 ms (FindLiveObjects: 0.306900 ms CreateObjectMapping: 0.080600 ms MarkObjects: 3.734200 ms  DeleteObjects: 0.018500 ms)

AssetImportParameters requested are different than current active one (requested -> active):
  custom:framework-win-MediaFoundation: 216162199b28c13a410421893ffa2e32 -> 
  custom:video-decoder-ogg-theora: a1e56fd34408186e4bbccfd4996cb3dc -> 
  custom:container-muxer-webm: aa71ff27fc2769a1b78a27578f13a17b -> 
  custom:container-demuxer-webm: 4f35f7cbe854078d1ac9338744f61a02 -> 
  custom:container-demuxer-ogg: 62fdf1f143b41e24485cea50d1cbac27 -> 
  custom:video-encoder-webm-vp8: eb34c28f22e8b96e1ab97ce403110664 -> 
  custom:video-decoder-webm-vp8: 9c59270c3fd7afecdb556c50c9e8de78 -> 
  custom:audio-decoder-ogg-vorbis: bf7c407c2cedff20999df2af8eb42d56 -> 
  custom:audio-encoder-webm-vorbis: bf7c407c2cedff20999df2af8eb42d56 -> 
========================================================================
Received Import Request.
  Time since last request: 840.958722 seconds.
  path: Assets/Prefabs/Player.prefab
  artifactKey: Guid(566ea03e2b71fa84c95a4f7632bdd80d) Importer(815301076,1909f56bfc062723c751e8b465ee728b)
Start importing Assets/Prefabs/Player.prefab using Guid(566ea03e2b71fa84c95a4f7632bdd80d) Importer(815301076,1909f56bfc062723c751e8b465ee728b)  -> (artifact id: 'b693969ecf5b3af2cd4a63bde5824bdf') in 0.092838 seconds 
  Import took 0.099408 seconds .

========================================================================
Received Import Request.
  Time since last request: 81.111594 seconds.
  path: Assets/InputSystem/InputSystem.inputsettings.asset
  artifactKey: Guid(cf8e652aaa48aa645a9c3cfb70b74c0d) Importer(815301076,1909f56bfc062723c751e8b465ee728b)
Start importing Assets/InputSystem/InputSystem.inputsettings.asset using Guid(cf8e652aaa48aa645a9c3cfb70b74c0d) Importer(815301076,1909f56bfc062723c751e8b465ee728b)  -> (artifact id: '06fec9373bcc47173a2ce3b8b20c9f3e') in 0.008567 seconds 
  Import took 0.014412 seconds .

========================================================================
Received Import Request.
  Time since last request: 107.447677 seconds.
  path: Assets/InputSystem/InputActions.inputactions
  artifactKey: Guid(75844956f2b5ebb4ab503f0b67a9467f) Importer(815301076,1909f56bfc062723c751e8b465ee728b)
Start importing Assets/InputSystem/InputActions.inputactions using Guid(75844956f2b5ebb4ab503f0b67a9467f) Importer(815301076,1909f56bfc062723c751e8b465ee728b)  -> (artifact id: '95ade7a61ac2f4033e9d77abfd177b6d') in 0.023287 seconds 
  Import took 0.028797 seconds .

========================================================================
Received Prepare
Registering precompiled user dll's ...
Registered in 0.007606 seconds.
Begin MonoManager ReloadAssembly
Native extension for WindowsStandalone target not found
Native extension for WebGL target not found
Refreshing native plugins compatible for Editor in 0.64 ms, found 3 plugins.
Preloading 0 native plugins for Editor in 0.00 ms.
Mono: successfully reloaded assembly
- Completed reload, in  1.512 seconds
Domain Reload Profiling:
	ReloadAssembly (1512ms)
		BeginReloadAssembly (167ms)
			ExecutionOrderSort (0ms)
			DisableScriptedObjects (9ms)
			BackupInstance (0ms)
			ReleaseScriptingObjects (0ms)
			CreateAndSetChildDomain (50ms)
		EndReloadAssembly (1246ms)
			LoadAssemblies (132ms)
			RebuildTransferFunctionScriptingTraits (0ms)
			SetupTypeCache (367ms)
			ReleaseScriptCaches (1ms)
			RebuildScriptCaches (75ms)
			SetupLoadedEditorAssemblies (505ms)
				LogAssemblyErrors (0ms)
				InitializePlatformSupportModulesInManaged (8ms)
				SetLoadedEditorAssemblies (1ms)
				RefreshPlugins (1ms)
				BeforeProcessingInitializeOnLoad (129ms)
				ProcessInitializeOnLoadAttributes (340ms)
				ProcessInitializeOnLoadMethodAttributes (8ms)
				AfterProcessingInitializeOnLoad (18ms)
				EditorAssembliesLoaded (0ms)
			ExecutionOrderSort2 (0ms)
			AwakeInstancesAfterBackupRestoration (13ms)
Platform modules already initialized, skipping
Refreshing native plugins compatible for Editor in 0.66 ms, found 3 plugins.
Preloading 0 native plugins for Editor in 0.00 ms.
Unloading 2383 Unused Serialized files (Serialized files now loaded: 0)
System memory in use before: 106.8 MB.
System memory in use after: 107.0 MB.

Unloading 14 unused Assets to reduce memory usage. Loaded Objects now: 2889.
Total: 4.194900 ms (FindLiveObjects: 0.326400 ms CreateObjectMapping: 0.093300 ms MarkObjects: 3.753800 ms  DeleteObjects: 0.019800 ms)

AssetImportParameters requested are different than current active one (requested -> active):
  custom:framework-win-MediaFoundation: 216162199b28c13a410421893ffa2e32 -> 
  custom:video-decoder-ogg-theora: a1e56fd34408186e4bbccfd4996cb3dc -> 
  custom:container-muxer-webm: aa71ff27fc2769a1b78a27578f13a17b -> 
  custom:container-demuxer-webm: 4f35f7cbe854078d1ac9338744f61a02 -> 
  custom:container-demuxer-ogg: 62fdf1f143b41e24485cea50d1cbac27 -> 
  custom:video-encoder-webm-vp8: eb34c28f22e8b96e1ab97ce403110664 -> 
  custom:video-decoder-webm-vp8: 9c59270c3fd7afecdb556c50c9e8de78 -> 
  custom:audio-decoder-ogg-vorbis: bf7c407c2cedff20999df2af8eb42d56 -> 
  custom:audio-encoder-webm-vorbis: bf7c407c2cedff20999df2af8eb42d56 -> 
========================================================================
Received Import Request.
  Time since last request: 704.999261 seconds.
  path: Assets/Scripts/Shooter.cs
  artifactKey: Guid(0d2bce1af276c114e8ff71e4bfc418fd) Importer(815301076,1909f56bfc062723c751e8b465ee728b)
Start importing Assets/Scripts/Shooter.cs using Guid(0d2bce1af276c114e8ff71e4bfc418fd) Importer(815301076,1909f56bfc062723c751e8b465ee728b)  -> (artifact id: '6cdd8415d72a9390d6149311fb797311') in 0.010294 seconds 
  Import took 0.015164 seconds .

========================================================================
Received Prepare
Registering precompiled user dll's ...
Registered in 0.007881 seconds.
Begin MonoManager ReloadAssembly
Native extension for WindowsStandalone target not found
Native extension for WebGL target not found
Refreshing native plugins compatible for Editor in 0.64 ms, found 3 plugins.
Preloading 0 native plugins for Editor in 0.00 ms.
Mono: successfully reloaded assembly
- Completed reload, in  1.540 seconds
Domain Reload Profiling:
	ReloadAssembly (1541ms)
		BeginReloadAssembly (173ms)
			ExecutionOrderSort (0ms)
			DisableScriptedObjects (9ms)
			BackupInstance (0ms)
			ReleaseScriptingObjects (0ms)
			CreateAndSetChildDomain (49ms)
		EndReloadAssembly (1261ms)
			LoadAssemblies (131ms)
			RebuildTransferFunctionScriptingTraits (0ms)
			SetupTypeCache (372ms)
			ReleaseScriptCaches (1ms)
			RebuildScriptCaches (93ms)
			SetupLoadedEditorAssemblies (497ms)
				LogAssemblyErrors (0ms)
				InitializePlatformSupportModulesInManaged (8ms)
				SetLoadedEditorAssemblies (1ms)
				RefreshPlugins (1ms)
				BeforeProcessingInitializeOnLoad (130ms)
				ProcessInitializeOnLoadAttributes (332ms)
				ProcessInitializeOnLoadMethodAttributes (8ms)
				AfterProcessingInitializeOnLoad (18ms)
				EditorAssembliesLoaded (0ms)
			ExecutionOrderSort2 (0ms)
			AwakeInstancesAfterBackupRestoration (13ms)
Platform modules already initialized, skipping
Refreshing native plugins compatible for Editor in 0.65 ms, found 3 plugins.
Preloading 0 native plugins for Editor in 0.00 ms.
Unloading 2384 Unused Serialized files (Serialized files now loaded: 0)
System memory in use before: 106.8 MB.
System memory in use after: 107.0 MB.

Unloading 14 unused Assets to reduce memory usage. Loaded Objects now: 2892.
Total: 4.518900 ms (FindLiveObjects: 0.313700 ms CreateObjectMapping: 0.080300 ms MarkObjects: 4.103900 ms  DeleteObjects: 0.019500 ms)

AssetImportParameters requested are different than current active one (requested -> active):
  custom:framework-win-MediaFoundation: 216162199b28c13a410421893ffa2e32 -> 
  custom:video-decoder-ogg-theora: a1e56fd34408186e4bbccfd4996cb3dc -> 
  custom:container-muxer-webm: aa71ff27fc2769a1b78a27578f13a17b -> 
  custom:container-demuxer-webm: 4f35f7cbe854078d1ac9338744f61a02 -> 
  custom:container-demuxer-ogg: 62fdf1f143b41e24485cea50d1cbac27 -> 
  custom:video-encoder-webm-vp8: eb34c28f22e8b96e1ab97ce403110664 -> 
  custom:video-decoder-webm-vp8: 9c59270c3fd7afecdb556c50c9e8de78 -> 
  custom:audio-decoder-ogg-vorbis: bf7c407c2cedff20999df2af8eb42d56 -> 
  custom:audio-encoder-webm-vorbis: bf7c407c2cedff20999df2af8eb42d56 -> 
========================================================================
Received Import Request.
  Time since last request: 16.534926 seconds.
  path: Assets/Prefabs/Player.prefab
  artifactKey: Guid(566ea03e2b71fa84c95a4f7632bdd80d) Importer(815301076,1909f56bfc062723c751e8b465ee728b)
Start importing Assets/Prefabs/Player.prefab using Guid(566ea03e2b71fa84c95a4f7632bdd80d) Importer(815301076,1909f56bfc062723c751e8b465ee728b)  -> (artifact id: '157924109a3d8fc6f016215fb3ddeefc') in 0.099804 seconds 
  Import took 0.104700 seconds .

========================================================================
Received Import Request.
  Time since last request: 267.461128 seconds.
  path: Assets/Scripts/Shooter.cs
  artifactKey: Guid(0d2bce1af276c114e8ff71e4bfc418fd) Importer(815301076,1909f56bfc062723c751e8b465ee728b)
Start importing Assets/Scripts/Shooter.cs using Guid(0d2bce1af276c114e8ff71e4bfc418fd) Importer(815301076,1909f56bfc062723c751e8b465ee728b)  -> (artifact id: '880594dd7e9799f86c80c9e5feb03e9b') in 0.004648 seconds 
  Import took 0.009853 seconds .

========================================================================
Received Import Request.
  Time since last request: 0.183264 seconds.
  path: Assets/Scripts/Shooter.cs
  artifactKey: Guid(0d2bce1af276c114e8ff71e4bfc418fd) Importer(815301076,1909f56bfc062723c751e8b465ee728b)
Start importing Assets/Scripts/Shooter.cs using Guid(0d2bce1af276c114e8ff71e4bfc418fd) Importer(815301076,1909f56bfc062723c751e8b465ee728b)  -> (artifact id: '880594dd7e9799f86c80c9e5feb03e9b') in 0.004508 seconds 
  Import took 0.009238 seconds .

========================================================================
Received Prepare
Registering precompiled user dll's ...
Registered in 0.007742 seconds.
Begin MonoManager ReloadAssembly
Native extension for WindowsStandalone target not found
Native extension for WebGL target not found
Refreshing native plugins compatible for Editor in 0.60 ms, found 3 plugins.
Preloading 0 native plugins for Editor in 0.00 ms.
Mono: successfully reloaded assembly
- Completed reload, in  1.530 seconds
Domain Reload Profiling:
	ReloadAssembly (1531ms)
		BeginReloadAssembly (161ms)
			ExecutionOrderSort (0ms)
			DisableScriptedObjects (9ms)
			BackupInstance (0ms)
			ReleaseScriptingObjects (0ms)
			CreateAndSetChildDomain (43ms)
		EndReloadAssembly (1270ms)
			LoadAssemblies (143ms)
			RebuildTransferFunctionScriptingTraits (0ms)
			SetupTypeCache (372ms)
			ReleaseScriptCaches (1ms)
			RebuildScriptCaches (73ms)
			SetupLoadedEditorAssemblies (524ms)
				LogAssemblyErrors (0ms)
				InitializePlatformSupportModulesInManaged (8ms)
				SetLoadedEditorAssemblies (1ms)
				RefreshPlugins (1ms)
				BeforeProcessingInitializeOnLoad (149ms)
				ProcessInitializeOnLoadAttributes (339ms)
				ProcessInitializeOnLoadMethodAttributes (8ms)
				AfterProcessingInitializeOnLoad (18ms)
				EditorAssembliesLoaded (0ms)
			ExecutionOrderSort2 (0ms)
			AwakeInstancesAfterBackupRestoration (13ms)
Platform modules already initialized, skipping
Refreshing native plugins compatible for Editor in 0.65 ms, found 3 plugins.
Preloading 0 native plugins for Editor in 0.00 ms.
Unloading 2384 Unused Serialized files (Serialized files now loaded: 0)
System memory in use before: 106.8 MB.
System memory in use after: 107.0 MB.

Unloading 14 unused Assets to reduce memory usage. Loaded Objects now: 2895.
Total: 4.355300 ms (FindLiveObjects: 0.326000 ms CreateObjectMapping: 0.078600 ms MarkObjects: 3.927600 ms  DeleteObjects: 0.021200 ms)

AssetImportParameters requested are different than current active one (requested -> active):
  custom:framework-win-MediaFoundation: 216162199b28c13a410421893ffa2e32 -> 
  custom:video-decoder-ogg-theora: a1e56fd34408186e4bbccfd4996cb3dc -> 
  custom:container-muxer-webm: aa71ff27fc2769a1b78a27578f13a17b -> 
  custom:container-demuxer-webm: 4f35f7cbe854078d1ac9338744f61a02 -> 
  custom:container-demuxer-ogg: 62fdf1f143b41e24485cea50d1cbac27 -> 
  custom:video-encoder-webm-vp8: eb34c28f22e8b96e1ab97ce403110664 -> 
  custom:video-decoder-webm-vp8: 9c59270c3fd7afecdb556c50c9e8de78 -> 
  custom:audio-decoder-ogg-vorbis: bf7c407c2cedff20999df2af8eb42d56 -> 
  custom:audio-encoder-webm-vorbis: bf7c407c2cedff20999df2af8eb42d56 -> 
========================================================================
Received Prepare
Registering precompiled user dll's ...
Registered in 0.007338 seconds.
Begin MonoManager ReloadAssembly
Native extension for WindowsStandalone target not found
Native extension for WebGL target not found
Refreshing native plugins compatible for Editor in 0.66 ms, found 3 plugins.
Preloading 0 native plugins for Editor in 0.00 ms.
Mono: successfully reloaded assembly
- Completed reload, in  1.529 seconds
Domain Reload Profiling:
	ReloadAssembly (1530ms)
		BeginReloadAssembly (188ms)
			ExecutionOrderSort (0ms)
			DisableScriptedObjects (9ms)
			BackupInstance (0ms)
			ReleaseScriptingObjects (0ms)
			CreateAndSetChildDomain (53ms)
		EndReloadAssembly (1241ms)
			LoadAssemblies (130ms)
			RebuildTransferFunctionScriptingTraits (0ms)
			SetupTypeCache (364ms)
			ReleaseScriptCaches (1ms)
			RebuildScriptCaches (73ms)
			SetupLoadedEditorAssemblies (514ms)
				LogAssemblyErrors (0ms)
				InitializePlatformSupportModulesInManaged (8ms)
				SetLoadedEditorAssemblies (1ms)
				RefreshPlugins (1ms)
				BeforeProcessingInitializeOnLoad (137ms)
				ProcessInitializeOnLoadAttributes (342ms)
				ProcessInitializeOnLoadMethodAttributes (7ms)
				AfterProcessingInitializeOnLoad (18ms)
				EditorAssembliesLoaded (0ms)
			ExecutionOrderSort2 (0ms)
			AwakeInstancesAfterBackupRestoration (13ms)
Platform modules already initialized, skipping
Refreshing native plugins compatible for Editor in 0.72 ms, found 3 plugins.
Preloading 0 native plugins for Editor in 0.00 ms.
Unloading 2384 Unused Serialized files (Serialized files now loaded: 0)
System memory in use before: 106.8 MB.
System memory in use after: 107.0 MB.

Unloading 14 unused Assets to reduce memory usage. Loaded Objects now: 2897.
Total: 4.311000 ms (FindLiveObjects: 0.346200 ms CreateObjectMapping: 0.081900 ms MarkObjects: 3.861100 ms  DeleteObjects: 0.020300 ms)

AssetImportParameters requested are different than current active one (requested -> active):
  custom:framework-win-MediaFoundation: 216162199b28c13a410421893ffa2e32 -> 
  custom:video-decoder-ogg-theora: a1e56fd34408186e4bbccfd4996cb3dc -> 
  custom:container-muxer-webm: aa71ff27fc2769a1b78a27578f13a17b -> 
  custom:container-demuxer-webm: 4f35f7cbe854078d1ac9338744f61a02 -> 
  custom:container-demuxer-ogg: 62fdf1f143b41e24485cea50d1cbac27 -> 
  custom:video-encoder-webm-vp8: eb34c28f22e8b96e1ab97ce403110664 -> 
  custom:video-decoder-webm-vp8: 9c59270c3fd7afecdb556c50c9e8de78 -> 
  custom:audio-decoder-ogg-vorbis: bf7c407c2cedff20999df2af8eb42d56 -> 
  custom:audio-encoder-webm-vorbis: bf7c407c2cedff20999df2af8eb42d56 -> 
========================================================================
Received Import Request.
  Time since last request: 16401.217610 seconds.
  path: Assets/Scripts/Shooter.cs
  artifactKey: Guid(0d2bce1af276c114e8ff71e4bfc418fd) Importer(815301076,1909f56bfc062723c751e8b465ee728b)
Start importing Assets/Scripts/Shooter.cs using Guid(0d2bce1af276c114e8ff71e4bfc418fd) Importer(815301076,1909f56bfc062723c751e8b465ee728b)  -> (artifact id: '409a858bed108f6733be5ebd16b9c471') in 0.009591 seconds 
  Import took 0.014561 seconds .

========================================================================
Received Import Request.
  Time since last request: 0.199352 seconds.
  path: Assets/Scripts/Shooter.cs
  artifactKey: Guid(0d2bce1af276c114e8ff71e4bfc418fd) Importer(815301076,1909f56bfc062723c751e8b465ee728b)
Start importing Assets/Scripts/Shooter.cs using Guid(0d2bce1af276c114e8ff71e4bfc418fd) Importer(815301076,1909f56bfc062723c751e8b465ee728b)  -> (artifact id: '409a858bed108f6733be5ebd16b9c471') in 0.003752 seconds 
  Import took 0.008405 seconds .

AssetImportWorkerClient::OnTransportError - code=2 error=End of file
